Compilation failed:
    source file: '/Users/tanabetakumi/ANTAM_Q_for_Mac/ANTAM_Q/ANTAM_Q/opencv/build/CMakeFiles/CMakeTmp/src.cxx'
    check option: ''
===== BUILD LOG =====
Change Dir: /Users/tanabetakumi/ANTAM_Q_for_Mac/ANTAM_Q/ANTAM_Q/opencv/build/CMakeFiles/CMakeTmp

Run Build Command(s):/usr/bin/make -f Makefile cmTC_4193e/fast && /Applications/Xcode.app/Contents/Developer/usr/bin/make  -f CMakeFiles/cmTC_4193e.dir/build.make CMakeFiles/cmTC_4193e.dir/build
Building CXX object CMakeFiles/cmTC_4193e.dir/src.cxx.o
/Applications/Xcode.app/Contents/Developer/Toolchains/XcodeDefault.xctoolchain/usr/bin/c++   -O3 -DNDEBUG -arch arm64 -isysroot /Applications/Xcode.app/Contents/Developer/Platforms/MacOSX.platform/Developer/SDKs/MacOSX12.3.sdk -mmacosx-version-min=12.2 -fPIE -std=c++11 -MD -MT CMakeFiles/cmTC_4193e.dir/src.cxx.o -MF CMakeFiles/cmTC_4193e.dir/src.cxx.o.d -o CMakeFiles/cmTC_4193e.dir/src.cxx.o -c /Users/tanabetakumi/ANTAM_Q_for_Mac/ANTAM_Q/ANTAM_Q/opencv/build/CMakeFiles/CMakeTmp/src.cxx
Linking CXX executable cmTC_4193e
/Applications/CMake.app/Contents/bin/cmake -E cmake_link_script CMakeFiles/cmTC_4193e.dir/link.txt --verbose=1
/Applications/Xcode.app/Contents/Developer/Toolchains/XcodeDefault.xctoolchain/usr/bin/c++ -O3 -DNDEBUG -arch arm64 -isysroot /Applications/Xcode.app/Contents/Developer/Platforms/MacOSX.platform/Developer/SDKs/MacOSX12.3.sdk -mmacosx-version-min=12.2 -Wl,-search_paths_first -Wl,-headerpad_max_install_names  -Wl,--as-needed  CMakeFiles/cmTC_4193e.dir/src.cxx.o -o cmTC_4193e 
ld: unknown option: --as-needed
clang: error: linker command failed with exit code 1 (use -v to see invocation)
make[1]: *** [cmTC_4193e] Error 1
make: *** [cmTC_4193e/fast] Error 2


===== END =====

Compilation failed:
    source file: '/Users/tanabetakumi/ANTAM_Q_for_Mac/ANTAM_Q/ANTAM_Q/opencv/build/CMakeFiles/CMakeTmp/src.cxx'
    check option: ''
===== BUILD LOG =====
Change Dir: /Users/tanabetakumi/ANTAM_Q_for_Mac/ANTAM_Q/ANTAM_Q/opencv/build/CMakeFiles/CMakeTmp

Run Build Command(s):/usr/bin/make -f Makefile cmTC_a7aa9/fast && /Applications/Xcode.app/Contents/Developer/usr/bin/make  -f CMakeFiles/cmTC_a7aa9.dir/build.make CMakeFiles/cmTC_a7aa9.dir/build
Building CXX object CMakeFiles/cmTC_a7aa9.dir/src.cxx.o
/Applications/Xcode.app/Contents/Developer/Toolchains/XcodeDefault.xctoolchain/usr/bin/c++   -O3 -DNDEBUG -arch arm64 -isysroot /Applications/Xcode.app/Contents/Developer/Platforms/MacOSX.platform/Developer/SDKs/MacOSX12.3.sdk -mmacosx-version-min=12.2 -fPIE -std=c++11 -MD -MT CMakeFiles/cmTC_a7aa9.dir/src.cxx.o -MF CMakeFiles/cmTC_a7aa9.dir/src.cxx.o.d -o CMakeFiles/cmTC_a7aa9.dir/src.cxx.o -c /Users/tanabetakumi/ANTAM_Q_for_Mac/ANTAM_Q/ANTAM_Q/opencv/build/CMakeFiles/CMakeTmp/src.cxx
Linking CXX executable cmTC_a7aa9
/Applications/CMake.app/Contents/bin/cmake -E cmake_link_script CMakeFiles/cmTC_a7aa9.dir/link.txt --verbose=1
/Applications/Xcode.app/Contents/Developer/Toolchains/XcodeDefault.xctoolchain/usr/bin/c++ -O3 -DNDEBUG -arch arm64 -isysroot /Applications/Xcode.app/Contents/Developer/Platforms/MacOSX.platform/Developer/SDKs/MacOSX12.3.sdk -mmacosx-version-min=12.2 -Wl,-search_paths_first -Wl,-headerpad_max_install_names  -Wl,--no-undefined  CMakeFiles/cmTC_a7aa9.dir/src.cxx.o -o cmTC_a7aa9 
ld: unknown option: --no-undefined
clang: error: linker command failed with exit code 1 (use -v to see invocation)
make[1]: *** [cmTC_a7aa9] Error 1
make: *** [cmTC_a7aa9/fast] Error 2


===== END =====

Determining if the include file malloc.h exists failed with the following output:
Change Dir: /Users/tanabetakumi/ANTAM_Q_for_Mac/ANTAM_Q/ANTAM_Q/opencv/build/CMakeFiles/CMakeScratch/TryCompile-qtn3sp

Run Build Command(s):/usr/bin/make -f Makefile cmTC_95673/fast && /Applications/Xcode.app/Contents/Developer/usr/bin/make  -f CMakeFiles/cmTC_95673.dir/build.make CMakeFiles/cmTC_95673.dir/build
Building C object CMakeFiles/cmTC_95673.dir/CheckIncludeFile.c.o
/Applications/Xcode.app/Contents/Developer/Toolchains/XcodeDefault.xctoolchain/usr/bin/cc   -fsigned-char -W -Wall -Wreturn-type -Wnon-virtual-dtor -Waddress -Wsequence-point -Wformat -Wformat-security -Wmissing-declarations -Wmissing-prototypes -Wstrict-prototypes -Wundef -Winit-self -Wpointer-arith -Wshadow -Wsign-promo -Wuninitialized -Wno-delete-non-virtual-dtor -Wno-unnamed-type-template-args -Wno-comment -fdiagnostics-show-option -Qunused-arguments -Wno-semicolon-before-method-body -ffunction-sections -fdata-sections    -fvisibility=hidden -fvisibility-inlines-hidden  -O3 -DNDEBUG  -DNDEBUG -arch arm64 -isysroot /Applications/Xcode.app/Contents/Developer/Platforms/MacOSX.platform/Developer/SDKs/MacOSX12.3.sdk -mmacosx-version-min=12.2 -fPIE -MD -MT CMakeFiles/cmTC_95673.dir/CheckIncludeFile.c.o -MF CMakeFiles/cmTC_95673.dir/CheckIncludeFile.c.o.d -o CMakeFiles/cmTC_95673.dir/CheckIncludeFile.c.o -c /Users/tanabetakumi/ANTAM_Q_for_Mac/ANTAM_Q/ANTAM_Q/opencv/build/CMakeFiles/CMakeScratch/TryCompile-qtn3sp/CheckIncludeFile.c
/Users/tanabetakumi/ANTAM_Q_for_Mac/ANTAM_Q/ANTAM_Q/opencv/build/CMakeFiles/CMakeScratch/TryCompile-qtn3sp/CheckIncludeFile.c:1:10: fatal error: 'malloc.h' file not found
#include <malloc.h>
         ^~~~~~~~~~
1 error generated.
make[1]: *** [CMakeFiles/cmTC_95673.dir/CheckIncludeFile.c.o] Error 1
make: *** [cmTC_95673/fast] Error 2



Determining size of off64_t failed with the following output:
Change Dir: /Users/tanabetakumi/ANTAM_Q_for_Mac/ANTAM_Q/ANTAM_Q/opencv/build/CMakeFiles/CMakeScratch/TryCompile-abS1X1

Run Build Command(s):/usr/bin/make -f Makefile cmTC_0e505/fast && /Applications/Xcode.app/Contents/Developer/usr/bin/make  -f CMakeFiles/cmTC_0e505.dir/build.make CMakeFiles/cmTC_0e505.dir/build
Building C object CMakeFiles/cmTC_0e505.dir/OFF64_T.c.o
/Applications/Xcode.app/Contents/Developer/Toolchains/XcodeDefault.xctoolchain/usr/bin/cc   -fsigned-char -W -Wall -Wreturn-type -Wnon-virtual-dtor -Waddress -Wsequence-point -Wformat -Wformat-security -Wmissing-declarations -Wmissing-prototypes -Wstrict-prototypes -Wundef -Winit-self -Wpointer-arith -Wshadow -Wsign-promo -Wuninitialized -Wno-delete-non-virtual-dtor -Wno-unnamed-type-template-args -Wno-comment -fdiagnostics-show-option -Qunused-arguments -Wno-semicolon-before-method-body -ffunction-sections -fdata-sections    -fvisibility=hidden -fvisibility-inlines-hidden  -O3 -DNDEBUG  -DNDEBUG -arch arm64 -isysroot /Applications/Xcode.app/Contents/Developer/Platforms/MacOSX.platform/Developer/SDKs/MacOSX12.3.sdk -mmacosx-version-min=12.2 -fPIE -MD -MT CMakeFiles/cmTC_0e505.dir/OFF64_T.c.o -MF CMakeFiles/cmTC_0e505.dir/OFF64_T.c.o.d -o CMakeFiles/cmTC_0e505.dir/OFF64_T.c.o -c /Users/tanabetakumi/ANTAM_Q_for_Mac/ANTAM_Q/ANTAM_Q/opencv/build/CMakeFiles/CMakeScratch/TryCompile-abS1X1/OFF64_T.c
/Users/tanabetakumi/ANTAM_Q_for_Mac/ANTAM_Q/ANTAM_Q/opencv/build/CMakeFiles/CMakeScratch/TryCompile-abS1X1/OFF64_T.c:29:12: error: use of undeclared identifier 'off64_t'
  ('0' + ((SIZE / 10000)%10)),
           ^
/Users/tanabetakumi/ANTAM_Q_for_Mac/ANTAM_Q/ANTAM_Q/opencv/build/CMakeFiles/CMakeScratch/TryCompile-abS1X1/OFF64_T.c:27:22: note: expanded from macro 'SIZE'
#define SIZE (sizeof(off64_t))
                     ^
/Users/tanabetakumi/ANTAM_Q_for_Mac/ANTAM_Q/ANTAM_Q/opencv/build/CMakeFiles/CMakeScratch/TryCompile-abS1X1/OFF64_T.c:30:12: error: use of undeclared identifier 'off64_t'
  ('0' + ((SIZE / 1000)%10)),
           ^
/Users/tanabetakumi/ANTAM_Q_for_Mac/ANTAM_Q/ANTAM_Q/opencv/build/CMakeFiles/CMakeScratch/TryCompile-abS1X1/OFF64_T.c:27:22: note: expanded from macro 'SIZE'
#define SIZE (sizeof(off64_t))
                     ^
/Users/tanabetakumi/ANTAM_Q_for_Mac/ANTAM_Q/ANTAM_Q/opencv/build/CMakeFiles/CMakeScratch/TryCompile-abS1X1/OFF64_T.c:31:12: error: use of undeclared identifier 'off64_t'
  ('0' + ((SIZE / 100)%10)),
           ^
/Users/tanabetakumi/ANTAM_Q_for_Mac/ANTAM_Q/ANTAM_Q/opencv/build/CMakeFiles/CMakeScratch/TryCompile-abS1X1/OFF64_T.c:27:22: note: expanded from macro 'SIZE'
#define SIZE (sizeof(off64_t))
                     ^
/Users/tanabetakumi/ANTAM_Q_for_Mac/ANTAM_Q/ANTAM_Q/opencv/build/CMakeFiles/CMakeScratch/TryCompile-abS1X1/OFF64_T.c:32:12: error: use of undeclared identifier 'off64_t'
  ('0' + ((SIZE / 10)%10)),
           ^
/Users/tanabetakumi/ANTAM_Q_for_Mac/ANTAM_Q/ANTAM_Q/opencv/build/CMakeFiles/CMakeScratch/TryCompile-abS1X1/OFF64_T.c:27:22: note: expanded from macro 'SIZE'
#define SIZE (sizeof(off64_t))
                     ^
/Users/tanabetakumi/ANTAM_Q_for_Mac/ANTAM_Q/ANTAM_Q/opencv/build/CMakeFiles/CMakeScratch/TryCompile-abS1X1/OFF64_T.c:33:12: error: use of undeclared identifier 'off64_t'
  ('0' +  (SIZE    % 10)),
           ^
/Users/tanabetakumi/ANTAM_Q_for_Mac/ANTAM_Q/ANTAM_Q/opencv/build/CMakeFiles/CMakeScratch/TryCompile-abS1X1/OFF64_T.c:27:22: note: expanded from macro 'SIZE'
#define SIZE (sizeof(off64_t))
                     ^
5 errors generated.
make[1]: *** [CMakeFiles/cmTC_0e505.dir/OFF64_T.c.o] Error 1
make: *** [cmTC_0e505/fast] Error 2


OFF64_T.c:
#include <sys/types.h>
#include <stdint.h>
#include <stddef.h>


#undef KEY
#if defined(__i386)
# define KEY '_','_','i','3','8','6'
#elif defined(__x86_64)
# define KEY '_','_','x','8','6','_','6','4'
#elif defined(__PPC64__)
# define KEY '_','_','P','P','C','6','4','_','_'
#elif defined(__ppc64__)
# define KEY '_','_','p','p','c','6','4','_','_'
#elif defined(__PPC__)
# define KEY '_','_','P','P','C','_','_'
#elif defined(__ppc__)
# define KEY '_','_','p','p','c','_','_'
#elif defined(__aarch64__)
# define KEY '_','_','a','a','r','c','h','6','4','_','_'
#elif defined(__ARM_ARCH_7A__)
# define KEY '_','_','A','R','M','_','A','R','C','H','_','7','A','_','_'
#elif defined(__ARM_ARCH_7S__)
# define KEY '_','_','A','R','M','_','A','R','C','H','_','7','S','_','_'
#endif

#define SIZE (sizeof(off64_t))
static char info_size[] =  {'I', 'N', 'F', 'O', ':', 's','i','z','e','[',
  ('0' + ((SIZE / 10000)%10)),
  ('0' + ((SIZE / 1000)%10)),
  ('0' + ((SIZE / 100)%10)),
  ('0' + ((SIZE / 10)%10)),
  ('0' +  (SIZE    % 10)),
  ']',
#ifdef KEY
  ' ','k','e','y','[', KEY, ']',
#endif
  '\0'};

#ifdef __CLASSIC_C__
int main(argc, argv) int argc; char *argv[];
#else
int main(int argc, char *argv[])
#endif
{
  int require = 0;
  require += info_size[argc];
  (void)argv;
  return require;
}


Determining if the include file io.h exists failed with the following output:
Change Dir: /Users/tanabetakumi/ANTAM_Q_for_Mac/ANTAM_Q/ANTAM_Q/opencv/build/CMakeFiles/CMakeScratch/TryCompile-Wx4BKF

Run Build Command(s):/usr/bin/make -f Makefile cmTC_9397e/fast && /Applications/Xcode.app/Contents/Developer/usr/bin/make  -f CMakeFiles/cmTC_9397e.dir/build.make CMakeFiles/cmTC_9397e.dir/build
Building C object CMakeFiles/cmTC_9397e.dir/CheckIncludeFile.c.o
/Applications/Xcode.app/Contents/Developer/Toolchains/XcodeDefault.xctoolchain/usr/bin/cc   -fsigned-char -W -Wall -Wreturn-type -Wnon-virtual-dtor -Waddress -Wsequence-point -Wformat -Wformat-security -Wmissing-declarations -Wmissing-prototypes -Wstrict-prototypes -Wundef -Winit-self -Wpointer-arith -Wshadow -Wsign-promo -Wuninitialized -Wno-delete-non-virtual-dtor -Wno-unnamed-type-template-args -Wno-comment -fdiagnostics-show-option -Qunused-arguments -Wno-semicolon-before-method-body -ffunction-sections -fdata-sections    -fvisibility=hidden -fvisibility-inlines-hidden  -O3 -DNDEBUG  -DNDEBUG -arch arm64 -isysroot /Applications/Xcode.app/Contents/Developer/Platforms/MacOSX.platform/Developer/SDKs/MacOSX12.3.sdk -mmacosx-version-min=12.2 -fPIE -MD -MT CMakeFiles/cmTC_9397e.dir/CheckIncludeFile.c.o -MF CMakeFiles/cmTC_9397e.dir/CheckIncludeFile.c.o.d -o CMakeFiles/cmTC_9397e.dir/CheckIncludeFile.c.o -c /Users/tanabetakumi/ANTAM_Q_for_Mac/ANTAM_Q/ANTAM_Q/opencv/build/CMakeFiles/CMakeScratch/TryCompile-Wx4BKF/CheckIncludeFile.c
/Users/tanabetakumi/ANTAM_Q_for_Mac/ANTAM_Q/ANTAM_Q/opencv/build/CMakeFiles/CMakeScratch/TryCompile-Wx4BKF/CheckIncludeFile.c:1:10: fatal error: 'io.h' file not found
#include <io.h>
         ^~~~~~
1 error generated.
make[1]: *** [CMakeFiles/cmTC_9397e.dir/CheckIncludeFile.c.o] Error 1
make: *** [cmTC_9397e/fast] Error 2



Determining size of INT8 failed with the following output:
Change Dir: /Users/tanabetakumi/ANTAM_Q_for_Mac/ANTAM_Q/ANTAM_Q/opencv/build/CMakeFiles/CMakeScratch/TryCompile-Yhu23E

Run Build Command(s):/usr/bin/make -f Makefile cmTC_a3f64/fast && /Applications/Xcode.app/Contents/Developer/usr/bin/make  -f CMakeFiles/cmTC_a3f64.dir/build.make CMakeFiles/cmTC_a3f64.dir/build
Building C object CMakeFiles/cmTC_a3f64.dir/int8.c.o
/Applications/Xcode.app/Contents/Developer/Toolchains/XcodeDefault.xctoolchain/usr/bin/cc   -fsigned-char -W -Wall -Wreturn-type -Wnon-virtual-dtor -Waddress -Wsequence-point -Wformat -Wformat-security -Wmissing-declarations -Wmissing-prototypes -Wstrict-prototypes -Wundef -Winit-self -Wpointer-arith -Wshadow -Wsign-promo -Wuninitialized -Wno-delete-non-virtual-dtor -Wno-unnamed-type-template-args -Wno-comment -fdiagnostics-show-option -Qunused-arguments -Wno-semicolon-before-method-body -ffunction-sections -fdata-sections    -fvisibility=hidden -fvisibility-inlines-hidden  -O3 -DNDEBUG  -DNDEBUG -arch arm64 -isysroot /Applications/Xcode.app/Contents/Developer/Platforms/MacOSX.platform/Developer/SDKs/MacOSX12.3.sdk -mmacosx-version-min=12.2 -fPIE -MD -MT CMakeFiles/cmTC_a3f64.dir/int8.c.o -MF CMakeFiles/cmTC_a3f64.dir/int8.c.o.d -o CMakeFiles/cmTC_a3f64.dir/int8.c.o -c /Users/tanabetakumi/ANTAM_Q_for_Mac/ANTAM_Q/ANTAM_Q/opencv/build/CMakeFiles/CMakeScratch/TryCompile-Yhu23E/int8.c
/Users/tanabetakumi/ANTAM_Q_for_Mac/ANTAM_Q/ANTAM_Q/opencv/build/CMakeFiles/CMakeScratch/TryCompile-Yhu23E/int8.c:29:12: error: use of undeclared identifier 'INT8'
  ('0' + ((SIZE / 10000)%10)),
           ^
/Users/tanabetakumi/ANTAM_Q_for_Mac/ANTAM_Q/ANTAM_Q/opencv/build/CMakeFiles/CMakeScratch/TryCompile-Yhu23E/int8.c:27:22: note: expanded from macro 'SIZE'
#define SIZE (sizeof(INT8))
                     ^
/Users/tanabetakumi/ANTAM_Q_for_Mac/ANTAM_Q/ANTAM_Q/opencv/build/CMakeFiles/CMakeScratch/TryCompile-Yhu23E/int8.c:30:12: error: use of undeclared identifier 'INT8'
  ('0' + ((SIZE / 1000)%10)),
           ^
/Users/tanabetakumi/ANTAM_Q_for_Mac/ANTAM_Q/ANTAM_Q/opencv/build/CMakeFiles/CMakeScratch/TryCompile-Yhu23E/int8.c:27:22: note: expanded from macro 'SIZE'
#define SIZE (sizeof(INT8))
                     ^
/Users/tanabetakumi/ANTAM_Q_for_Mac/ANTAM_Q/ANTAM_Q/opencv/build/CMakeFiles/CMakeScratch/TryCompile-Yhu23E/int8.c:31:12: error: use of undeclared identifier 'INT8'
  ('0' + ((SIZE / 100)%10)),
           ^
/Users/tanabetakumi/ANTAM_Q_for_Mac/ANTAM_Q/ANTAM_Q/opencv/build/CMakeFiles/CMakeScratch/TryCompile-Yhu23E/int8.c:27:22: note: expanded from macro 'SIZE'
#define SIZE (sizeof(INT8))
                     ^
/Users/tanabetakumi/ANTAM_Q_for_Mac/ANTAM_Q/ANTAM_Q/opencv/build/CMakeFiles/CMakeScratch/TryCompile-Yhu23E/int8.c:32:12: error: use of undeclared identifier 'INT8'
  ('0' + ((SIZE / 10)%10)),
           ^
/Users/tanabetakumi/ANTAM_Q_for_Mac/ANTAM_Q/ANTAM_Q/opencv/build/CMakeFiles/CMakeScratch/TryCompile-Yhu23E/int8.c:27:22: note: expanded from macro 'SIZE'
#define SIZE (sizeof(INT8))
                     ^
/Users/tanabetakumi/ANTAM_Q_for_Mac/ANTAM_Q/ANTAM_Q/opencv/build/CMakeFiles/CMakeScratch/TryCompile-Yhu23E/int8.c:33:12: error: use of undeclared identifier 'INT8'
  ('0' +  (SIZE    % 10)),
           ^
/Users/tanabetakumi/ANTAM_Q_for_Mac/ANTAM_Q/ANTAM_Q/opencv/build/CMakeFiles/CMakeScratch/TryCompile-Yhu23E/int8.c:27:22: note: expanded from macro 'SIZE'
#define SIZE (sizeof(INT8))
                     ^
5 errors generated.
make[1]: *** [CMakeFiles/cmTC_a3f64.dir/int8.c.o] Error 1
make: *** [cmTC_a3f64/fast] Error 2


int8.c:
#include <sys/types.h>
#include <stdint.h>
#include <stddef.h>


#undef KEY
#if defined(__i386)
# define KEY '_','_','i','3','8','6'
#elif defined(__x86_64)
# define KEY '_','_','x','8','6','_','6','4'
#elif defined(__PPC64__)
# define KEY '_','_','P','P','C','6','4','_','_'
#elif defined(__ppc64__)
# define KEY '_','_','p','p','c','6','4','_','_'
#elif defined(__PPC__)
# define KEY '_','_','P','P','C','_','_'
#elif defined(__ppc__)
# define KEY '_','_','p','p','c','_','_'
#elif defined(__aarch64__)
# define KEY '_','_','a','a','r','c','h','6','4','_','_'
#elif defined(__ARM_ARCH_7A__)
# define KEY '_','_','A','R','M','_','A','R','C','H','_','7','A','_','_'
#elif defined(__ARM_ARCH_7S__)
# define KEY '_','_','A','R','M','_','A','R','C','H','_','7','S','_','_'
#endif

#define SIZE (sizeof(INT8))
static char info_size[] =  {'I', 'N', 'F', 'O', ':', 's','i','z','e','[',
  ('0' + ((SIZE / 10000)%10)),
  ('0' + ((SIZE / 1000)%10)),
  ('0' + ((SIZE / 100)%10)),
  ('0' + ((SIZE / 10)%10)),
  ('0' +  (SIZE    % 10)),
  ']',
#ifdef KEY
  ' ','k','e','y','[', KEY, ']',
#endif
  '\0'};

#ifdef __CLASSIC_C__
int main(argc, argv) int argc; char *argv[];
#else
int main(int argc, char *argv[])
#endif
{
  int require = 0;
  require += info_size[argc];
  (void)argv;
  return require;
}


Determining size of INT16 failed with the following output:
Change Dir: /Users/tanabetakumi/ANTAM_Q_for_Mac/ANTAM_Q/ANTAM_Q/opencv/build/CMakeFiles/CMakeScratch/TryCompile-L6F6gT

Run Build Command(s):/usr/bin/make -f Makefile cmTC_0beb4/fast && /Applications/Xcode.app/Contents/Developer/usr/bin/make  -f CMakeFiles/cmTC_0beb4.dir/build.make CMakeFiles/cmTC_0beb4.dir/build
Building C object CMakeFiles/cmTC_0beb4.dir/int16.c.o
/Applications/Xcode.app/Contents/Developer/Toolchains/XcodeDefault.xctoolchain/usr/bin/cc   -fsigned-char -W -Wall -Wreturn-type -Wnon-virtual-dtor -Waddress -Wsequence-point -Wformat -Wformat-security -Wmissing-declarations -Wmissing-prototypes -Wstrict-prototypes -Wundef -Winit-self -Wpointer-arith -Wshadow -Wsign-promo -Wuninitialized -Wno-delete-non-virtual-dtor -Wno-unnamed-type-template-args -Wno-comment -fdiagnostics-show-option -Qunused-arguments -Wno-semicolon-before-method-body -ffunction-sections -fdata-sections    -fvisibility=hidden -fvisibility-inlines-hidden  -O3 -DNDEBUG  -DNDEBUG -arch arm64 -isysroot /Applications/Xcode.app/Contents/Developer/Platforms/MacOSX.platform/Developer/SDKs/MacOSX12.3.sdk -mmacosx-version-min=12.2 -fPIE -MD -MT CMakeFiles/cmTC_0beb4.dir/int16.c.o -MF CMakeFiles/cmTC_0beb4.dir/int16.c.o.d -o CMakeFiles/cmTC_0beb4.dir/int16.c.o -c /Users/tanabetakumi/ANTAM_Q_for_Mac/ANTAM_Q/ANTAM_Q/opencv/build/CMakeFiles/CMakeScratch/TryCompile-L6F6gT/int16.c
/Users/tanabetakumi/ANTAM_Q_for_Mac/ANTAM_Q/ANTAM_Q/opencv/build/CMakeFiles/CMakeScratch/TryCompile-L6F6gT/int16.c:29:12: error: use of undeclared identifier 'INT16'
  ('0' + ((SIZE / 10000)%10)),
           ^
/Users/tanabetakumi/ANTAM_Q_for_Mac/ANTAM_Q/ANTAM_Q/opencv/build/CMakeFiles/CMakeScratch/TryCompile-L6F6gT/int16.c:27:22: note: expanded from macro 'SIZE'
#define SIZE (sizeof(INT16))
                     ^
/Users/tanabetakumi/ANTAM_Q_for_Mac/ANTAM_Q/ANTAM_Q/opencv/build/CMakeFiles/CMakeScratch/TryCompile-L6F6gT/int16.c:30:12: error: use of undeclared identifier 'INT16'
  ('0' + ((SIZE / 1000)%10)),
           ^
/Users/tanabetakumi/ANTAM_Q_for_Mac/ANTAM_Q/ANTAM_Q/opencv/build/CMakeFiles/CMakeScratch/TryCompile-L6F6gT/int16.c:27:22: note: expanded from macro 'SIZE'
#define SIZE (sizeof(INT16))
                     ^
/Users/tanabetakumi/ANTAM_Q_for_Mac/ANTAM_Q/ANTAM_Q/opencv/build/CMakeFiles/CMakeScratch/TryCompile-L6F6gT/int16.c:31:12: error: use of undeclared identifier 'INT16'
  ('0' + ((SIZE / 100)%10)),
           ^
/Users/tanabetakumi/ANTAM_Q_for_Mac/ANTAM_Q/ANTAM_Q/opencv/build/CMakeFiles/CMakeScratch/TryCompile-L6F6gT/int16.c:27:22: note: expanded from macro 'SIZE'
#define SIZE (sizeof(INT16))
                     ^
/Users/tanabetakumi/ANTAM_Q_for_Mac/ANTAM_Q/ANTAM_Q/opencv/build/CMakeFiles/CMakeScratch/TryCompile-L6F6gT/int16.c:32:12: error: use of undeclared identifier 'INT16'
  ('0' + ((SIZE / 10)%10)),
           ^
/Users/tanabetakumi/ANTAM_Q_for_Mac/ANTAM_Q/ANTAM_Q/opencv/build/CMakeFiles/CMakeScratch/TryCompile-L6F6gT/int16.c:27:22: note: expanded from macro 'SIZE'
#define SIZE (sizeof(INT16))
                     ^
/Users/tanabetakumi/ANTAM_Q_for_Mac/ANTAM_Q/ANTAM_Q/opencv/build/CMakeFiles/CMakeScratch/TryCompile-L6F6gT/int16.c:33:12: error: use of undeclared identifier 'INT16'
  ('0' +  (SIZE    % 10)),
           ^
/Users/tanabetakumi/ANTAM_Q_for_Mac/ANTAM_Q/ANTAM_Q/opencv/build/CMakeFiles/CMakeScratch/TryCompile-L6F6gT/int16.c:27:22: note: expanded from macro 'SIZE'
#define SIZE (sizeof(INT16))
                     ^
5 errors generated.
make[1]: *** [CMakeFiles/cmTC_0beb4.dir/int16.c.o] Error 1
make: *** [cmTC_0beb4/fast] Error 2


int16.c:
#include <sys/types.h>
#include <stdint.h>
#include <stddef.h>


#undef KEY
#if defined(__i386)
# define KEY '_','_','i','3','8','6'
#elif defined(__x86_64)
# define KEY '_','_','x','8','6','_','6','4'
#elif defined(__PPC64__)
# define KEY '_','_','P','P','C','6','4','_','_'
#elif defined(__ppc64__)
# define KEY '_','_','p','p','c','6','4','_','_'
#elif defined(__PPC__)
# define KEY '_','_','P','P','C','_','_'
#elif defined(__ppc__)
# define KEY '_','_','p','p','c','_','_'
#elif defined(__aarch64__)
# define KEY '_','_','a','a','r','c','h','6','4','_','_'
#elif defined(__ARM_ARCH_7A__)
# define KEY '_','_','A','R','M','_','A','R','C','H','_','7','A','_','_'
#elif defined(__ARM_ARCH_7S__)
# define KEY '_','_','A','R','M','_','A','R','C','H','_','7','S','_','_'
#endif

#define SIZE (sizeof(INT16))
static char info_size[] =  {'I', 'N', 'F', 'O', ':', 's','i','z','e','[',
  ('0' + ((SIZE / 10000)%10)),
  ('0' + ((SIZE / 1000)%10)),
  ('0' + ((SIZE / 100)%10)),
  ('0' + ((SIZE / 10)%10)),
  ('0' +  (SIZE    % 10)),
  ']',
#ifdef KEY
  ' ','k','e','y','[', KEY, ']',
#endif
  '\0'};

#ifdef __CLASSIC_C__
int main(argc, argv) int argc; char *argv[];
#else
int main(int argc, char *argv[])
#endif
{
  int require = 0;
  require += info_size[argc];
  (void)argv;
  return require;
}


Determining size of INT32 failed with the following output:
Change Dir: /Users/tanabetakumi/ANTAM_Q_for_Mac/ANTAM_Q/ANTAM_Q/opencv/build/CMakeFiles/CMakeScratch/TryCompile-KL3j11

Run Build Command(s):/usr/bin/make -f Makefile cmTC_79158/fast && /Applications/Xcode.app/Contents/Developer/usr/bin/make  -f CMakeFiles/cmTC_79158.dir/build.make CMakeFiles/cmTC_79158.dir/build
Building C object CMakeFiles/cmTC_79158.dir/int32.c.o
/Applications/Xcode.app/Contents/Developer/Toolchains/XcodeDefault.xctoolchain/usr/bin/cc   -fsigned-char -W -Wall -Wreturn-type -Wnon-virtual-dtor -Waddress -Wsequence-point -Wformat -Wformat-security -Wmissing-declarations -Wmissing-prototypes -Wstrict-prototypes -Wundef -Winit-self -Wpointer-arith -Wshadow -Wsign-promo -Wuninitialized -Wno-delete-non-virtual-dtor -Wno-unnamed-type-template-args -Wno-comment -fdiagnostics-show-option -Qunused-arguments -Wno-semicolon-before-method-body -ffunction-sections -fdata-sections    -fvisibility=hidden -fvisibility-inlines-hidden  -O3 -DNDEBUG  -DNDEBUG -arch arm64 -isysroot /Applications/Xcode.app/Contents/Developer/Platforms/MacOSX.platform/Developer/SDKs/MacOSX12.3.sdk -mmacosx-version-min=12.2 -fPIE -MD -MT CMakeFiles/cmTC_79158.dir/int32.c.o -MF CMakeFiles/cmTC_79158.dir/int32.c.o.d -o CMakeFiles/cmTC_79158.dir/int32.c.o -c /Users/tanabetakumi/ANTAM_Q_for_Mac/ANTAM_Q/ANTAM_Q/opencv/build/CMakeFiles/CMakeScratch/TryCompile-KL3j11/int32.c
/Users/tanabetakumi/ANTAM_Q_for_Mac/ANTAM_Q/ANTAM_Q/opencv/build/CMakeFiles/CMakeScratch/TryCompile-KL3j11/int32.c:29:12: error: use of undeclared identifier 'INT32'
  ('0' + ((SIZE / 10000)%10)),
           ^
/Users/tanabetakumi/ANTAM_Q_for_Mac/ANTAM_Q/ANTAM_Q/opencv/build/CMakeFiles/CMakeScratch/TryCompile-KL3j11/int32.c:27:22: note: expanded from macro 'SIZE'
#define SIZE (sizeof(INT32))
                     ^
/Users/tanabetakumi/ANTAM_Q_for_Mac/ANTAM_Q/ANTAM_Q/opencv/build/CMakeFiles/CMakeScratch/TryCompile-KL3j11/int32.c:30:12: error: use of undeclared identifier 'INT32'
  ('0' + ((SIZE / 1000)%10)),
           ^
/Users/tanabetakumi/ANTAM_Q_for_Mac/ANTAM_Q/ANTAM_Q/opencv/build/CMakeFiles/CMakeScratch/TryCompile-KL3j11/int32.c:27:22: note: expanded from macro 'SIZE'
#define SIZE (sizeof(INT32))
                     ^
/Users/tanabetakumi/ANTAM_Q_for_Mac/ANTAM_Q/ANTAM_Q/opencv/build/CMakeFiles/CMakeScratch/TryCompile-KL3j11/int32.c:31:12: error: use of undeclared identifier 'INT32'
  ('0' + ((SIZE / 100)%10)),
           ^
/Users/tanabetakumi/ANTAM_Q_for_Mac/ANTAM_Q/ANTAM_Q/opencv/build/CMakeFiles/CMakeScratch/TryCompile-KL3j11/int32.c:27:22: note: expanded from macro 'SIZE'
#define SIZE (sizeof(INT32))
                     ^
/Users/tanabetakumi/ANTAM_Q_for_Mac/ANTAM_Q/ANTAM_Q/opencv/build/CMakeFiles/CMakeScratch/TryCompile-KL3j11/int32.c:32:12: error: use of undeclared identifier 'INT32'
  ('0' + ((SIZE / 10)%10)),
           ^
/Users/tanabetakumi/ANTAM_Q_for_Mac/ANTAM_Q/ANTAM_Q/opencv/build/CMakeFiles/CMakeScratch/TryCompile-KL3j11/int32.c:27:22: note: expanded from macro 'SIZE'
#define SIZE (sizeof(INT32))
                     ^
/Users/tanabetakumi/ANTAM_Q_for_Mac/ANTAM_Q/ANTAM_Q/opencv/build/CMakeFiles/CMakeScratch/TryCompile-KL3j11/int32.c:33:12: error: use of undeclared identifier 'INT32'
  ('0' +  (SIZE    % 10)),
           ^
/Users/tanabetakumi/ANTAM_Q_for_Mac/ANTAM_Q/ANTAM_Q/opencv/build/CMakeFiles/CMakeScratch/TryCompile-KL3j11/int32.c:27:22: note: expanded from macro 'SIZE'
#define SIZE (sizeof(INT32))
                     ^
5 errors generated.
make[1]: *** [CMakeFiles/cmTC_79158.dir/int32.c.o] Error 1
make: *** [cmTC_79158/fast] Error 2


int32.c:
#include <sys/types.h>
#include <stdint.h>
#include <stddef.h>


#undef KEY
#if defined(__i386)
# define KEY '_','_','i','3','8','6'
#elif defined(__x86_64)
# define KEY '_','_','x','8','6','_','6','4'
#elif defined(__PPC64__)
# define KEY '_','_','P','P','C','6','4','_','_'
#elif defined(__ppc64__)
# define KEY '_','_','p','p','c','6','4','_','_'
#elif defined(__PPC__)
# define KEY '_','_','P','P','C','_','_'
#elif defined(__ppc__)
# define KEY '_','_','p','p','c','_','_'
#elif defined(__aarch64__)
# define KEY '_','_','a','a','r','c','h','6','4','_','_'
#elif defined(__ARM_ARCH_7A__)
# define KEY '_','_','A','R','M','_','A','R','C','H','_','7','A','_','_'
#elif defined(__ARM_ARCH_7S__)
# define KEY '_','_','A','R','M','_','A','R','C','H','_','7','S','_','_'
#endif

#define SIZE (sizeof(INT32))
static char info_size[] =  {'I', 'N', 'F', 'O', ':', 's','i','z','e','[',
  ('0' + ((SIZE / 10000)%10)),
  ('0' + ((SIZE / 1000)%10)),
  ('0' + ((SIZE / 100)%10)),
  ('0' + ((SIZE / 10)%10)),
  ('0' +  (SIZE    % 10)),
  ']',
#ifdef KEY
  ' ','k','e','y','[', KEY, ']',
#endif
  '\0'};

#ifdef __CLASSIC_C__
int main(argc, argv) int argc; char *argv[];
#else
int main(int argc, char *argv[])
#endif
{
  int require = 0;
  require += info_size[argc];
  (void)argv;
  return require;
}


Build output check failed:
    Regex: 'unknown .*option'
    Output line: 'warning: unknown warning option '-Wno-maybe-uninitialized', did you mean '-Wno-uninitialized'? [-Wunknown-warning-option]'
Compilation failed:
    source file: '/Users/tanabetakumi/ANTAM_Q_for_Mac/ANTAM_Q/ANTAM_Q/opencv/build/CMakeFiles/CMakeTmp/src.c'
    check option: ' -Wno-maybe-uninitialized'
===== BUILD LOG =====
Change Dir: /Users/tanabetakumi/ANTAM_Q_for_Mac/ANTAM_Q/ANTAM_Q/opencv/build/CMakeFiles/CMakeTmp

Run Build Command(s):/usr/bin/make -f Makefile cmTC_93d21/fast && /Applications/Xcode.app/Contents/Developer/usr/bin/make  -f CMakeFiles/cmTC_93d21.dir/build.make CMakeFiles/cmTC_93d21.dir/build
Building C object CMakeFiles/cmTC_93d21.dir/src.c.o
/Applications/Xcode.app/Contents/Developer/Toolchains/XcodeDefault.xctoolchain/usr/bin/cc   -fsigned-char -W -Wall -Wreturn-type -Wnon-virtual-dtor -Waddress -Wsequence-point -Wformat -Wformat-security -Wstrict-prototypes -Winit-self -Wpointer-arith -Wsign-promo -Wuninitialized -Wno-delete-non-virtual-dtor -Wno-unnamed-type-template-args -Wno-comment -fdiagnostics-show-option -Qunused-arguments -Wno-semicolon-before-method-body -ffunction-sections -fdata-sections    -fvisibility=hidden -fvisibility-inlines-hidden -Wno-unused-but-set-variable -Wno-missing-prototypes -Wno-missing-declarations -Wno-undef -Wno-unused -Wno-sign-compare -Wno-cast-align -Wno-shadow  -O3 -DNDEBUG  -DNDEBUG -arch arm64 -isysroot /Applications/Xcode.app/Contents/Developer/Platforms/MacOSX.platform/Developer/SDKs/MacOSX12.3.sdk -mmacosx-version-min=12.2 -fPIE    -Wno-maybe-uninitialized -MD -MT CMakeFiles/cmTC_93d21.dir/src.c.o -MF CMakeFiles/cmTC_93d21.dir/src.c.o.d -o CMakeFiles/cmTC_93d21.dir/src.c.o -c /Users/tanabetakumi/ANTAM_Q_for_Mac/ANTAM_Q/ANTAM_Q/opencv/build/CMakeFiles/CMakeTmp/src.c
warning: unknown warning option '-Wno-maybe-uninitialized'; did you mean '-Wno-uninitialized'? [-Wunknown-warning-option]
/Users/tanabetakumi/ANTAM_Q_for_Mac/ANTAM_Q/ANTAM_Q/opencv/build/CMakeFiles/CMakeTmp/src.c:1:8: warning: unknown pragma ignored [-Wunknown-pragmas]
#pragma
       ^
2 warnings generated.
Linking C executable cmTC_93d21
/Applications/CMake.app/Contents/bin/cmake -E cmake_link_script CMakeFiles/cmTC_93d21.dir/link.txt --verbose=1
/Applications/Xcode.app/Contents/Developer/Toolchains/XcodeDefault.xctoolchain/usr/bin/cc    -fsigned-char -W -Wall -Wreturn-type -Wnon-virtual-dtor -Waddress -Wsequence-point -Wformat -Wformat-security -Wstrict-prototypes -Winit-self -Wpointer-arith -Wsign-promo -Wuninitialized -Wno-delete-non-virtual-dtor -Wno-unnamed-type-template-args -Wno-comment -fdiagnostics-show-option -Qunused-arguments -Wno-semicolon-before-method-body -ffunction-sections -fdata-sections    -fvisibility=hidden -fvisibility-inlines-hidden -Wno-unused-but-set-variable -Wno-missing-prototypes -Wno-missing-declarations -Wno-undef -Wno-unused -Wno-sign-compare -Wno-cast-align -Wno-shadow  -O3 -DNDEBUG  -DNDEBUG -arch arm64 -isysroot /Applications/Xcode.app/Contents/Developer/Platforms/MacOSX.platform/Developer/SDKs/MacOSX12.3.sdk -mmacosx-version-min=12.2 -Wl,-search_paths_first -Wl,-headerpad_max_install_names   -Wl,-dead_strip  CMakeFiles/cmTC_93d21.dir/src.c.o -o cmTC_93d21 


===== END =====

Build output check failed:
    Regex: 'unknown .*option'
    Output line: 'warning: unknown warning option '-Wno-array-parameter', did you mean '-Wno-unused-parameter'? [-Wunknown-warning-option]'
Compilation failed:
    source file: '/Users/tanabetakumi/ANTAM_Q_for_Mac/ANTAM_Q/ANTAM_Q/opencv/build/CMakeFiles/CMakeTmp/src.c'
    check option: ' -Wno-array-parameter'
===== BUILD LOG =====
Change Dir: /Users/tanabetakumi/ANTAM_Q_for_Mac/ANTAM_Q/ANTAM_Q/opencv/build/CMakeFiles/CMakeTmp

Run Build Command(s):/usr/bin/make -f Makefile cmTC_56662/fast && /Applications/Xcode.app/Contents/Developer/usr/bin/make  -f CMakeFiles/cmTC_56662.dir/build.make CMakeFiles/cmTC_56662.dir/build
Building C object CMakeFiles/cmTC_56662.dir/src.c.o
/Applications/Xcode.app/Contents/Developer/Toolchains/XcodeDefault.xctoolchain/usr/bin/cc   -fsigned-char -W -Wall -Wreturn-type -Wnon-virtual-dtor -Waddress -Wsequence-point -Wformat -Wformat-security -Wstrict-prototypes -Winit-self -Wpointer-arith -Wsign-promo -Wuninitialized -Wno-delete-non-virtual-dtor -Wno-unnamed-type-template-args -Wno-comment -fdiagnostics-show-option -Qunused-arguments -Wno-semicolon-before-method-body -ffunction-sections -fdata-sections    -fvisibility=hidden -fvisibility-inlines-hidden -Wno-unused-but-set-variable -Wno-missing-prototypes -Wno-missing-declarations -Wno-undef -Wno-unused -Wno-sign-compare -Wno-cast-align -Wno-shadow -Wno-pointer-to-int-cast -Wno-int-to-pointer-cast -Wno-misleading-indentation -Wno-implicit-fallthrough -Wno-unused-parameter  -O3 -DNDEBUG  -DNDEBUG -arch arm64 -isysroot /Applications/Xcode.app/Contents/Developer/Platforms/MacOSX.platform/Developer/SDKs/MacOSX12.3.sdk -mmacosx-version-min=12.2 -fPIE    -Wno-array-parameter -MD -MT CMakeFiles/cmTC_56662.dir/src.c.o -MF CMakeFiles/cmTC_56662.dir/src.c.o.d -o CMakeFiles/cmTC_56662.dir/src.c.o -c /Users/tanabetakumi/ANTAM_Q_for_Mac/ANTAM_Q/ANTAM_Q/opencv/build/CMakeFiles/CMakeTmp/src.c
warning: unknown warning option '-Wno-array-parameter'; did you mean '-Wno-unused-parameter'? [-Wunknown-warning-option]
/Users/tanabetakumi/ANTAM_Q_for_Mac/ANTAM_Q/ANTAM_Q/opencv/build/CMakeFiles/CMakeTmp/src.c:1:8: warning: unknown pragma ignored [-Wunknown-pragmas]
#pragma
       ^
2 warnings generated.
Linking C executable cmTC_56662
/Applications/CMake.app/Contents/bin/cmake -E cmake_link_script CMakeFiles/cmTC_56662.dir/link.txt --verbose=1
/Applications/Xcode.app/Contents/Developer/Toolchains/XcodeDefault.xctoolchain/usr/bin/cc    -fsigned-char -W -Wall -Wreturn-type -Wnon-virtual-dtor -Waddress -Wsequence-point -Wformat -Wformat-security -Wstrict-prototypes -Winit-self -Wpointer-arith -Wsign-promo -Wuninitialized -Wno-delete-non-virtual-dtor -Wno-unnamed-type-template-args -Wno-comment -fdiagnostics-show-option -Qunused-arguments -Wno-semicolon-before-method-body -ffunction-sections -fdata-sections    -fvisibility=hidden -fvisibility-inlines-hidden -Wno-unused-but-set-variable -Wno-missing-prototypes -Wno-missing-declarations -Wno-undef -Wno-unused -Wno-sign-compare -Wno-cast-align -Wno-shadow -Wno-pointer-to-int-cast -Wno-int-to-pointer-cast -Wno-misleading-indentation -Wno-implicit-fallthrough -Wno-unused-parameter  -O3 -DNDEBUG  -DNDEBUG -arch arm64 -isysroot /Applications/Xcode.app/Contents/Developer/Platforms/MacOSX.platform/Developer/SDKs/MacOSX12.3.sdk -mmacosx-version-min=12.2 -Wl,-search_paths_first -Wl,-headerpad_max_install_names   -Wl,-dead_strip  CMakeFiles/cmTC_56662.dir/src.c.o -o cmTC_56662 


===== END =====

Determining if files malloc.h exist failed with the following output:
Change Dir: /Users/tanabetakumi/ANTAM_Q_for_Mac/ANTAM_Q/ANTAM_Q/opencv/build/CMakeFiles/CMakeScratch/TryCompile-4wVc38

Run Build Command(s):/usr/bin/make -f Makefile cmTC_a0d31/fast && /Applications/Xcode.app/Contents/Developer/usr/bin/make  -f CMakeFiles/cmTC_a0d31.dir/build.make CMakeFiles/cmTC_a0d31.dir/build
Building C object CMakeFiles/cmTC_a0d31.dir/OPJ_HAVE_MALLOC_H.c.o
/Applications/Xcode.app/Contents/Developer/Toolchains/XcodeDefault.xctoolchain/usr/bin/cc   -fsigned-char -W -Wall -Wreturn-type -Wnon-virtual-dtor -Waddress -Wsequence-point -Wformat -Wformat-security -Wmissing-declarations -Wmissing-prototypes -Wstrict-prototypes -Wundef -Winit-self -Wpointer-arith -Wshadow -Wsign-promo -Wuninitialized -Wno-delete-non-virtual-dtor -Wno-unnamed-type-template-args -Wno-comment -fdiagnostics-show-option -Qunused-arguments -Wno-semicolon-before-method-body -ffunction-sections -fdata-sections    -fvisibility=hidden -fvisibility-inlines-hidden -Wno-implicit-const-int-float-conversion -Wno-unused-but-set-variable  -O3 -DNDEBUG  -DNDEBUG -arch arm64 -isysroot /Applications/Xcode.app/Contents/Developer/Platforms/MacOSX.platform/Developer/SDKs/MacOSX12.3.sdk -mmacosx-version-min=12.2 -fPIE -MD -MT CMakeFiles/cmTC_a0d31.dir/OPJ_HAVE_MALLOC_H.c.o -MF CMakeFiles/cmTC_a0d31.dir/OPJ_HAVE_MALLOC_H.c.o.d -o CMakeFiles/cmTC_a0d31.dir/OPJ_HAVE_MALLOC_H.c.o -c /Users/tanabetakumi/ANTAM_Q_for_Mac/ANTAM_Q/ANTAM_Q/opencv/build/CMakeFiles/CMakeScratch/TryCompile-4wVc38/OPJ_HAVE_MALLOC_H.c
/Users/tanabetakumi/ANTAM_Q_for_Mac/ANTAM_Q/ANTAM_Q/opencv/build/CMakeFiles/CMakeScratch/TryCompile-4wVc38/OPJ_HAVE_MALLOC_H.c:2:10: fatal error: 'malloc.h' file not found
#include <malloc.h>
         ^~~~~~~~~~
1 error generated.
make[1]: *** [CMakeFiles/cmTC_a0d31.dir/OPJ_HAVE_MALLOC_H.c.o] Error 1
make: *** [cmTC_a0d31/fast] Error 2


Source:
/* */
#include <malloc.h>


int main(void){return 0;}

Determining if the _aligned_malloc exist failed with the following output:
Change Dir: /Users/tanabetakumi/ANTAM_Q_for_Mac/ANTAM_Q/ANTAM_Q/opencv/build/CMakeFiles/CMakeScratch/TryCompile-2S5Bjr

Run Build Command(s):/usr/bin/make -f Makefile cmTC_8c9f8/fast && /Applications/Xcode.app/Contents/Developer/usr/bin/make  -f CMakeFiles/cmTC_8c9f8.dir/build.make CMakeFiles/cmTC_8c9f8.dir/build
Building C object CMakeFiles/cmTC_8c9f8.dir/CheckSymbolExists.c.o
/Applications/Xcode.app/Contents/Developer/Toolchains/XcodeDefault.xctoolchain/usr/bin/cc   -fsigned-char -W -Wall -Wreturn-type -Wnon-virtual-dtor -Waddress -Wsequence-point -Wformat -Wformat-security -Wmissing-declarations -Wmissing-prototypes -Wstrict-prototypes -Wundef -Winit-self -Wpointer-arith -Wshadow -Wsign-promo -Wuninitialized -Wno-delete-non-virtual-dtor -Wno-unnamed-type-template-args -Wno-comment -fdiagnostics-show-option -Qunused-arguments -Wno-semicolon-before-method-body -ffunction-sections -fdata-sections    -fvisibility=hidden -fvisibility-inlines-hidden -Wno-implicit-const-int-float-conversion -Wno-unused-but-set-variable  -O3 -DNDEBUG  -DNDEBUG -arch arm64 -isysroot /Applications/Xcode.app/Contents/Developer/Platforms/MacOSX.platform/Developer/SDKs/MacOSX12.3.sdk -mmacosx-version-min=12.2 -fPIE -MD -MT CMakeFiles/cmTC_8c9f8.dir/CheckSymbolExists.c.o -MF CMakeFiles/cmTC_8c9f8.dir/CheckSymbolExists.c.o.d -o CMakeFiles/cmTC_8c9f8.dir/CheckSymbolExists.c.o -c /Users/tanabetakumi/ANTAM_Q_for_Mac/ANTAM_Q/ANTAM_Q/opencv/build/CMakeFiles/CMakeScratch/TryCompile-2S5Bjr/CheckSymbolExists.c
/Users/tanabetakumi/ANTAM_Q_for_Mac/ANTAM_Q/ANTAM_Q/opencv/build/CMakeFiles/CMakeScratch/TryCompile-2S5Bjr/CheckSymbolExists.c:2:10: fatal error: 'malloc.h' file not found
#include <malloc.h>
         ^~~~~~~~~~
1 error generated.
make[1]: *** [CMakeFiles/cmTC_8c9f8.dir/CheckSymbolExists.c.o] Error 1
make: *** [cmTC_8c9f8/fast] Error 2


File CheckSymbolExists.c:
/* */
#include <malloc.h>

int main(int argc, char** argv)
{
  (void)argv;
#ifndef _aligned_malloc
  return ((int*)(&_aligned_malloc))[argc];
#else
  (void)argc;
  return 0;
#endif
}

Determining if the memalign exist failed with the following output:
Change Dir: /Users/tanabetakumi/ANTAM_Q_for_Mac/ANTAM_Q/ANTAM_Q/opencv/build/CMakeFiles/CMakeScratch/TryCompile-lMcDJ2

Run Build Command(s):/usr/bin/make -f Makefile cmTC_22469/fast && /Applications/Xcode.app/Contents/Developer/usr/bin/make  -f CMakeFiles/cmTC_22469.dir/build.make CMakeFiles/cmTC_22469.dir/build
Building C object CMakeFiles/cmTC_22469.dir/CheckSymbolExists.c.o
/Applications/Xcode.app/Contents/Developer/Toolchains/XcodeDefault.xctoolchain/usr/bin/cc   -fsigned-char -W -Wall -Wreturn-type -Wnon-virtual-dtor -Waddress -Wsequence-point -Wformat -Wformat-security -Wmissing-declarations -Wmissing-prototypes -Wstrict-prototypes -Wundef -Winit-self -Wpointer-arith -Wshadow -Wsign-promo -Wuninitialized -Wno-delete-non-virtual-dtor -Wno-unnamed-type-template-args -Wno-comment -fdiagnostics-show-option -Qunused-arguments -Wno-semicolon-before-method-body -ffunction-sections -fdata-sections    -fvisibility=hidden -fvisibility-inlines-hidden -Wno-implicit-const-int-float-conversion -Wno-unused-but-set-variable  -O3 -DNDEBUG  -DNDEBUG -arch arm64 -isysroot /Applications/Xcode.app/Contents/Developer/Platforms/MacOSX.platform/Developer/SDKs/MacOSX12.3.sdk -mmacosx-version-min=12.2 -fPIE -MD -MT CMakeFiles/cmTC_22469.dir/CheckSymbolExists.c.o -MF CMakeFiles/cmTC_22469.dir/CheckSymbolExists.c.o.d -o CMakeFiles/cmTC_22469.dir/CheckSymbolExists.c.o -c /Users/tanabetakumi/ANTAM_Q_for_Mac/ANTAM_Q/ANTAM_Q/opencv/build/CMakeFiles/CMakeScratch/TryCompile-lMcDJ2/CheckSymbolExists.c
/Users/tanabetakumi/ANTAM_Q_for_Mac/ANTAM_Q/ANTAM_Q/opencv/build/CMakeFiles/CMakeScratch/TryCompile-lMcDJ2/CheckSymbolExists.c:2:10: fatal error: 'malloc.h' file not found
#include <malloc.h>
         ^~~~~~~~~~
1 error generated.
make[1]: *** [CMakeFiles/cmTC_22469.dir/CheckSymbolExists.c.o] Error 1
make: *** [cmTC_22469/fast] Error 2


File CheckSymbolExists.c:
/* */
#include <malloc.h>

int main(int argc, char** argv)
{
  (void)argv;
#ifndef memalign
  return ((int*)(&memalign))[argc];
#else
  (void)argc;
  return 0;
#endif
}

Determining if the function sgemm_ exists failed with the following output:
Change Dir: /Users/tanabetakumi/ANTAM_Q_for_Mac/ANTAM_Q/ANTAM_Q/opencv/build/CMakeFiles/CMakeScratch/TryCompile-vFaYqF

Run Build Command(s):/usr/bin/make -f Makefile cmTC_2a7fc/fast && /Applications/Xcode.app/Contents/Developer/usr/bin/make  -f CMakeFiles/cmTC_2a7fc.dir/build.make CMakeFiles/cmTC_2a7fc.dir/build
Building C object CMakeFiles/cmTC_2a7fc.dir/CheckFunctionExists.c.o
/Applications/Xcode.app/Contents/Developer/Toolchains/XcodeDefault.xctoolchain/usr/bin/cc   -fsigned-char -W -Wall -Wreturn-type -Wnon-virtual-dtor -Waddress -Wsequence-point -Wformat -Wformat-security -Wmissing-declarations -Wmissing-prototypes -Wstrict-prototypes -Wundef -Winit-self -Wpointer-arith -Wshadow -Wsign-promo -Wuninitialized -Wno-delete-non-virtual-dtor -Wno-unnamed-type-template-args -Wno-comment -fdiagnostics-show-option -Qunused-arguments -Wno-semicolon-before-method-body -ffunction-sections -fdata-sections    -fvisibility=hidden -fvisibility-inlines-hidden -DCHECK_FUNCTION_EXISTS=sgemm_ -O3 -DNDEBUG  -DNDEBUG -arch arm64 -isysroot /Applications/Xcode.app/Contents/Developer/Platforms/MacOSX.platform/Developer/SDKs/MacOSX12.3.sdk -mmacosx-version-min=12.2 -fPIE -MD -MT CMakeFiles/cmTC_2a7fc.dir/CheckFunctionExists.c.o -MF CMakeFiles/cmTC_2a7fc.dir/CheckFunctionExists.c.o.d -o CMakeFiles/cmTC_2a7fc.dir/CheckFunctionExists.c.o -c /Users/tanabetakumi/ANTAM_Q_for_Mac/ANTAM_Q/ANTAM_Q/opencv/build/CMakeFiles/CMakeScratch/TryCompile-vFaYqF/CheckFunctionExists.c
Linking C executable cmTC_2a7fc
/Applications/CMake.app/Contents/bin/cmake -E cmake_link_script CMakeFiles/cmTC_2a7fc.dir/link.txt --verbose=1
/Applications/Xcode.app/Contents/Developer/Toolchains/XcodeDefault.xctoolchain/usr/bin/cc    -fsigned-char -W -Wall -Wreturn-type -Wnon-virtual-dtor -Waddress -Wsequence-point -Wformat -Wformat-security -Wmissing-declarations -Wmissing-prototypes -Wstrict-prototypes -Wundef -Winit-self -Wpointer-arith -Wshadow -Wsign-promo -Wuninitialized -Wno-delete-non-virtual-dtor -Wno-unnamed-type-template-args -Wno-comment -fdiagnostics-show-option -Qunused-arguments -Wno-semicolon-before-method-body -ffunction-sections -fdata-sections    -fvisibility=hidden -fvisibility-inlines-hidden -DCHECK_FUNCTION_EXISTS=sgemm_ -O3 -DNDEBUG  -DNDEBUG -arch arm64 -isysroot /Applications/Xcode.app/Contents/Developer/Platforms/MacOSX.platform/Developer/SDKs/MacOSX12.3.sdk -mmacosx-version-min=12.2 -Wl,-search_paths_first -Wl,-headerpad_max_install_names   -Wl,-dead_strip  CMakeFiles/cmTC_2a7fc.dir/CheckFunctionExists.c.o -o cmTC_2a7fc 
Undefined symbols for architecture arm64:
  "_sgemm_", referenced from:
      _main in CheckFunctionExists.c.o
ld: symbol(s) not found for architecture arm64
clang: error: linker command failed with exit code 1 (use -v to see invocation)
make[1]: *** [cmTC_2a7fc] Error 1
make: *** [cmTC_2a7fc/fast] Error 2



